<?xml version="1.0" encoding="UTF-8"?>
<!-- Generated by org.testng.reporters.JUnitReportReporter -->
<testsuite hostname="inrdivya.local" name="learning_selenium_testcases.Firsttest" tests="1" failures="0" timestamp="1 Sep 2016 10:13:22 GMT" time="14.095" errors="0">
  <testcase name="verifyFirstTest" time="14.095" classname="learning_selenium_testcases.Firsttest"/>
</testsuite> <!-- learning_selenium_testcases.Firsttest -->
