<?xml version="1.0" encoding="UTF-8"?>
<!-- Generated by org.testng.reporters.JUnitReportReporter -->
<testsuite hostname="inrdivya.local" name="learning_selenium_testcases.ShippingAddress" tests="1" failures="0" timestamp="6 Sep 2016 07:09:18 GMT" time="5.927" errors="0">
  <testcase name="AddShippingAddress" time="5.927" classname="learning_selenium_testcases.ShippingAddress"/>
</testsuite> <!-- learning_selenium_testcases.ShippingAddress -->
