<?xml version="1.0" encoding="UTF-8"?>
<!-- Generated by org.testng.reporters.JUnitReportReporter -->
<testsuite hostname="inrdivya.local" name="learning_selenium_testcases.selectionPage" tests="2" failures="0" timestamp="6 Sep 2016 07:09:18 GMT" time="3.813" errors="0">
  <testcase name="selectionoftitle" time="3.480" classname="learning_selenium_testcases.selectionPage"/>
  <testcase name="switchWindow" time="0.333" classname="learning_selenium_testcases.selectionPage"/>
</testsuite> <!-- learning_selenium_testcases.selectionPage -->
