<?xml version="1.0" encoding="UTF-8"?>
<!-- Generated by org.testng.reporters.JUnitReportReporter -->
<testsuite hostname="inrdivya.local" name="learning_selenium_testcases.HomeSearchTest" tests="2" failures="0" timestamp="6 Sep 2016 07:09:18 GMT" time="5.152" errors="0">
  <testcase name="VerifySearchPage" time="0.001" classname="learning_selenium_testcases.HomeSearchTest"/>
  <testcase name="VerifyHomeSearch" time="5.151" classname="learning_selenium_testcases.HomeSearchTest"/>
</testsuite> <!-- learning_selenium_testcases.HomeSearchTest -->
